Arguments: 
  C:\Program Files\nodejs\node.exe C:\Users\Administrator\AppData\Roaming\npm\node_modules\yarn\bin\yarn.js

PATH: 
  C:\Windows\system32;C:\Windows;C:\Windows\System32\Wbem;C:\Windows\System32\WindowsPowerShell\v1.0\;D:\Bandizip\;C:\Program Files\Microsoft SQL Server\120\Tools\Binn\;C:\Program Files\Common Files\Autodesk Shared\;C:\Program Files\nodejs\;C:\Program Files\Git\cmd;C:\Users\Administrator\AppData\Local\Programs\Python\Python38\Scripts\;C:\Users\Administrator\AppData\Local\Programs\Python\Python38\;C:\Users\Administrator\AppData\Local\Microsoft\WindowsApps;D:\WebStorm\bin;;D:\PyCharm\bin;;D:\IDEA\bin;;C:\Users\Administrator\AppData\Local\Programs\Microsoft VS Code\bin;C:\Users\Administrator\AppData\Roaming\npm;C:\Program Files\MySQL\MySQL Server 8.0\bin;

Yarn version: 
  1.22.17

Node version: 
  16.14.0

Platform: 
  win32 x64

Trace: 
  Error: getaddrinfo ENOENT raw.githubusercontent.com
      at GetAddrInfoReqWrap.onlookup [as oncomplete] (node:dns:71:26)

npm manifest: 
  {
    "name": "3d-website",
    "version": "1.0.0",
    "description": "",
    "main": "index.js",
    "scripts": {
      "test": "echo \"Error: no test specified\" && exit 1",
      "dev": "webpack-dev-server --output-public-path=/build/  --mode development --progress --open --hot",
      "build": "webpack --mode production --progress",
      "start": "node server.js",
      "deploy": "bash deploy.sh",
      "heroku-postbuild": "webpack -p"
    },
    "keywords": [],
    "author": "AirHua-byte",
    "license": "ISC",
    "devDependencies": {
      "@babel/core": "^7.4.3",
      "@babel/polyfill": "^7.4.3",
      "@babel/preset-env": "^7.4.3",
      "babel-loader": "^8.0.5",
      "compression-webpack-plugin": "^4.0.0",
      "webpack": "^4.43.0",
      "webpack-cli": "^3.3.11",
      "webpack-dev-server": "^3.11.0"
    },
    "dependencies": {
      "@tweenjs/tween.js": "^18.6.0",
      "ammo.js": "github:kripken/ammo.js",
      "dat.gui": "^0.7.7",
      "express": "^4.17.1",
      "raw-loader": "^4.0.2",
      "stats.js": "^0.17.0",
      "three": "^0.117.1"
    }
  }

yarn manifest: 
  No manifest

Lockfile: 
  No lockfile
